\BOOKMARK [0][-]{chapter.1}{Cahier des charges}{}% 1
\BOOKMARK [1][-]{section.1.1}{R\351sum\351 du probl\350me}{chapter.1}% 2
\BOOKMARK [1][-]{section.1.2}{Objectifs}{chapter.1}% 3
\BOOKMARK [1][-]{section.1.3}{Limitations}{chapter.1}% 4
\BOOKMARK [1][-]{section.1.4}{Description fonctionnelle}{chapter.1}% 5
\BOOKMARK [1][-]{section.1.5}{D\351lais}{chapter.1}% 6
\BOOKMARK [0][-]{chapter.2}{R\351sum\351}{}% 7
\BOOKMARK [0][-]{chapter.3}{Introduction}{}% 8
\BOOKMARK [0][-]{chapter.4}{Exploration des donn\351es}{}% 9
\BOOKMARK [1][-]{section.4.1}{Jeux de donn\351es}{chapter.4}% 10
\BOOKMARK [2][-]{subsection.4.1.1}{Images satellite}{section.4.1}% 11
\BOOKMARK [2][-]{subsection.4.1.2}{Grilles de population}{section.4.1}% 12
\BOOKMARK [2][-]{subsection.4.1.3}{Pays}{section.4.1}% 13
\BOOKMARK [1][-]{section.4.2}{Recherche de corr\351lation}{chapter.4}% 14
\BOOKMARK [1][-]{section.4.3}{Donn\351es \340 explorer}{chapter.4}% 15
\BOOKMARK [0][-]{chapter.5}{Mod\350le neuronal}{}% 16
\BOOKMARK [1][-]{section.5.1}{R\351seau de neurones}{chapter.5}% 17
\BOOKMARK [1][-]{section.5.2}{Environnement de d\351veloppement}{chapter.5}% 18
\BOOKMARK [1][-]{section.5.3}{M\351taparam\350tres}{chapter.5}% 19
\BOOKMARK [0][-]{chapter.6}{Conclusion}{}% 20
\BOOKMARK [0][-]{chapter.7}{Authentification}{}% 21
\BOOKMARK [0][-]{chapter.8}{Symboles et abr\351viations}{}% 22
\BOOKMARK [0][-]{chapter.9}{Annexes}{}% 23
